Thu 28 Aug 22:00:01 EDT 2025: Starting website sync...
sending incremental file list
./
index.html
index.nginx-debian.html
robots.txt
script.js
sitemap.xml
style.css
blog/
blog/breeze-time-tracker-dashboard.html
blog/easy-pdf-insert.html
blog/family-dashboard.html
blog/index.html
blog/reddit-post-hider.html
blog/who-dis-ip-lookup.html
blog/wpengine-backup-scheduler.html
blog/images/
blog/images/breeze-time-tracker.png
blog/images/easy-pdf-insert.png

sent 720,155 bytes  received 326 bytes  1,440,962.00 bytes/sec
total size is 718,625  speedup is 1.00
Thu 28 Aug 22:00:01 EDT 2025: No changes detected, skipping sync
Thu 28 Aug 23:00:01 EDT 2025: Starting website sync...
sending incremental file list
./
index.html
index.nginx-debian.html
robots.txt
script.js
sitemap.xml
style.css
blog/
blog/breeze-time-tracker-dashboard.html
blog/easy-pdf-insert.html
blog/family-dashboard.html
blog/index.html
blog/reddit-post-hider.html
blog/who-dis-ip-lookup.html
blog/wpengine-backup-scheduler.html
blog/images/
blog/images/breeze-time-tracker.png
blog/images/easy-pdf-insert.png
blog/images/family-dashboard.png
blog/images/reddit-post-hider.png

sent 1,353,881 bytes  received 364 bytes  2,708,490.00 bytes/sec
total size is 1,352,045  speedup is 1.00
Thu 28 Aug 23:00:01 EDT 2025: No changes detected, skipping sync
Fri 29 Aug 00:00:02 EDT 2025: Starting website sync...
sending incremental file list
./
index.html
index.nginx-debian.html
robots.txt
script.js
sitemap.xml
style.css
blog/
blog/breeze-time-tracker-dashboard.html
blog/easy-pdf-insert.html
blog/family-dashboard.html
blog/index.html
blog/reddit-post-hider.html
blog/who-dis-ip-lookup.html
blog/wpengine-backup-scheduler.html
blog/images/
blog/images/breeze-time-tracker.png
blog/images/easy-pdf-insert.png
blog/images/family-dashboard.png
blog/images/reddit-post-hider.png
blog/images/who-dis-ip-lookup.png

sent 1,745,251 bytes  received 383 bytes  3,491,268.00 bytes/sec
total size is 1,743,251  speedup is 1.00
Fri 29 Aug 00:00:02 EDT 2025: No changes detected, skipping sync
Fri 29 Aug 01:00:01 EDT 2025: Starting website sync...
sending incremental file list
./
index.html
index.nginx-debian.html
robots.txt
script.js
sitemap.xml
style.css
blog/
blog/breeze-time-tracker-dashboard.html
blog/easy-pdf-insert.html
blog/family-dashboard.html
blog/index.html
blog/reddit-post-hider.html
blog/who-dis-ip-lookup.html
blog/wpengine-backup-scheduler.html
blog/images/
blog/images/breeze-time-tracker.png
blog/images/easy-pdf-insert.png
blog/images/family-dashboard.png
blog/images/reddit-post-hider.png
blog/images/who-dis-ip-lookup.png
blog/images/wpengine-backup-scheduler.png

sent 1,999,397 bytes  received 402 bytes  3,999,598.00 bytes/sec
total size is 1,997,245  speedup is 1.00
Fri 29 Aug 01:00:01 EDT 2025: No changes detected, skipping sync
Fri 29 Aug 02:00:01 EDT 2025: Starting website sync...
sending incremental file list
./
index.html
index.nginx-debian.html
robots.txt
script.js
sitemap.xml
style.css
blog/
blog/breeze-time-tracker-dashboard.html
blog/easy-pdf-insert.html
blog/family-dashboard.html
blog/index.html
blog/reddit-post-hider.html
blog/who-dis-ip-lookup.html
blog/wpengine-backup-scheduler.html
blog/images/
blog/images/breeze-time-tracker.png
blog/images/easy-pdf-insert.png
blog/images/family-dashboard.png
blog/images/reddit-post-hider.png
blog/images/who-dis-ip-lookup.png
blog/images/wpengine-backup-scheduler.png

sent 1,999,397 bytes  received 402 bytes  3,999,598.00 bytes/sec
total size is 1,997,245  speedup is 1.00
Fri 29 Aug 02:00:02 EDT 2025: No changes detected, skipping sync
Fri 29 Aug 03:00:01 EDT 2025: Starting website sync...
sending incremental file list
./
index.html
index.nginx-debian.html
robots.txt
script.js
sitemap.xml
style.css
blog/
blog/breeze-time-tracker-dashboard.html
blog/easy-pdf-insert.html
blog/family-dashboard.html
blog/index.html
blog/reddit-post-hider.html
blog/who-dis-ip-lookup.html
blog/wpengine-backup-scheduler.html
blog/images/
blog/images/breeze-time-tracker.png
blog/images/easy-pdf-insert.png
blog/images/family-dashboard.png
blog/images/reddit-post-hider.png
blog/images/who-dis-ip-lookup.png
blog/images/wpengine-backup-scheduler.png

sent 1,999,397 bytes  received 402 bytes  3,999,598.00 bytes/sec
total size is 1,997,245  speedup is 1.00
Fri 29 Aug 03:00:01 EDT 2025: No changes detected, skipping sync
Fri 29 Aug 04:00:01 EDT 2025: Starting website sync...
sending incremental file list
./
index.html
index.nginx-debian.html
robots.txt
script.js
sitemap.xml
style.css
blog/
blog/breeze-time-tracker-dashboard.html
blog/easy-pdf-insert.html
blog/family-dashboard.html
blog/index.html
blog/reddit-post-hider.html
blog/who-dis-ip-lookup.html
blog/wpengine-backup-scheduler.html
blog/images/
blog/images/breeze-time-tracker.png
blog/images/easy-pdf-insert.png
blog/images/family-dashboard.png
blog/images/reddit-post-hider.png
blog/images/who-dis-ip-lookup.png
blog/images/wpengine-backup-scheduler.png

sent 1,999,397 bytes  received 402 bytes  3,999,598.00 bytes/sec
total size is 1,997,245  speedup is 1.00
Fri 29 Aug 04:00:01 EDT 2025: No changes detected, skipping sync
Fri 29 Aug 05:00:01 EDT 2025: Starting website sync...
sending incremental file list
./
index.html
index.nginx-debian.html
robots.txt
script.js
sitemap.xml
style.css
blog/
blog/breeze-time-tracker-dashboard.html
blog/easy-pdf-insert.html
blog/family-dashboard.html
blog/index.html
blog/reddit-post-hider.html
blog/who-dis-ip-lookup.html
blog/wpengine-backup-scheduler.html
blog/images/
blog/images/breeze-time-tracker.png
blog/images/easy-pdf-insert.png
blog/images/family-dashboard.png
blog/images/reddit-post-hider.png
blog/images/who-dis-ip-lookup.png
blog/images/wpengine-backup-scheduler.png

sent 1,999,397 bytes  received 402 bytes  3,999,598.00 bytes/sec
total size is 1,997,245  speedup is 1.00
Fri 29 Aug 05:00:01 EDT 2025: No changes detected, skipping sync
Fri 29 Aug 06:00:01 EDT 2025: Starting website sync...
sending incremental file list
./
index.html
index.nginx-debian.html
robots.txt
script.js
sitemap.xml
style.css
blog/
blog/breeze-time-tracker-dashboard.html
blog/easy-pdf-insert.html
blog/family-dashboard.html
blog/index.html
blog/reddit-post-hider.html
blog/who-dis-ip-lookup.html
blog/wpengine-backup-scheduler.html
blog/images/
blog/images/breeze-time-tracker.png
blog/images/easy-pdf-insert.png
blog/images/family-dashboard.png
blog/images/reddit-post-hider.png
blog/images/who-dis-ip-lookup.png
blog/images/wpengine-backup-scheduler.png

sent 1,999,397 bytes  received 402 bytes  3,999,598.00 bytes/sec
total size is 1,997,245  speedup is 1.00
Fri 29 Aug 06:00:01 EDT 2025: No changes detected, skipping sync
Fri 29 Aug 07:00:01 EDT 2025: Starting website sync...
sending incremental file list
./
index.html
index.nginx-debian.html
robots.txt
script.js
sitemap.xml
style.css
blog/
blog/breeze-time-tracker-dashboard.html
blog/easy-pdf-insert.html
blog/family-dashboard.html
blog/index.html
blog/reddit-post-hider.html
blog/who-dis-ip-lookup.html
blog/wpengine-backup-scheduler.html
blog/images/
blog/images/breeze-time-tracker.png
blog/images/easy-pdf-insert.png
blog/images/family-dashboard.png
blog/images/reddit-post-hider.png
blog/images/who-dis-ip-lookup.png
blog/images/wpengine-backup-scheduler.png

sent 1,999,397 bytes  received 402 bytes  3,999,598.00 bytes/sec
total size is 1,997,245  speedup is 1.00
Fri 29 Aug 07:00:02 EDT 2025: No changes detected, skipping sync
Fri 29 Aug 08:00:01 EDT 2025: Starting website sync...
sending incremental file list
./
index.html
index.nginx-debian.html
robots.txt
script.js
sitemap.xml
style.css
blog/
blog/breeze-time-tracker-dashboard.html
blog/easy-pdf-insert.html
blog/family-dashboard.html
blog/index.html
blog/reddit-post-hider.html
blog/who-dis-ip-lookup.html
blog/wpengine-backup-scheduler.html
blog/images/
blog/images/breeze-time-tracker.png
blog/images/easy-pdf-insert.png
blog/images/family-dashboard.png
blog/images/reddit-post-hider.png
blog/images/who-dis-ip-lookup.png
blog/images/wpengine-backup-scheduler.png

sent 1,999,393 bytes  received 402 bytes  3,999,590.00 bytes/sec
total size is 1,997,245  speedup is 1.00
Fri 29 Aug 08:00:01 EDT 2025: No changes detected, skipping sync
Fri 29 Aug 09:00:01 EDT 2025: Starting website sync...
sending incremental file list
./
index.html
index.nginx-debian.html
robots.txt
script.js
sitemap.xml
style.css
blog/
blog/breeze-time-tracker-dashboard.html
blog/easy-pdf-insert.html
blog/family-dashboard.html
blog/index.html
blog/reddit-post-hider.html
blog/who-dis-ip-lookup.html
blog/wpengine-backup-scheduler.html
blog/images/
blog/images/breeze-time-tracker.png
blog/images/breeze-time-tracker.svg
blog/images/easy-pdf-insert.png
blog/images/easy-pdf-insert.svg
blog/images/family-dashboard.png
blog/images/family-dashboard.svg
blog/images/reddit-post-hider.png
blog/images/reddit-post-hider.svg
blog/images/who-dis-ip-lookup.png
blog/images/who-dis-ip-lookup.svg
blog/images/wpengine-backup-scheduler.png
blog/images/wpengine-backup-scheduler.svg

sent 510,615 bytes  received 516 bytes  1,022,262.00 bytes/sec
total size is 508,379  speedup is 0.99
Session state saved for josefresco.github.io
[master f05c641] Auto-sync website updates 2025-08-29 09:00:01
 12 files changed, 526 insertions(+)
 create mode 100644 blog/images/breeze-time-tracker.svg
 create mode 100644 blog/images/easy-pdf-insert.svg
 create mode 100644 blog/images/family-dashboard.png
 create mode 100644 blog/images/family-dashboard.svg
 create mode 100644 blog/images/reddit-post-hider.png
 create mode 100644 blog/images/reddit-post-hider.svg
 create mode 100644 blog/images/who-dis-ip-lookup.png
 create mode 100644 blog/images/who-dis-ip-lookup.svg
 create mode 100644 blog/images/wpengine-backup-scheduler.png
 create mode 100644 blog/images/wpengine-backup-scheduler.svg
To https://github.com/josefresco/josefresco.github.io.git
   88c0a51..f05c641  master -> master
Fri 29 Aug 09:00:06 EDT 2025: Website successfully synced to GitHub
Fri 29 Aug 09:00:06 EDT 2025: Checking for remote updates...
Fri 29 Aug 09:00:06 EDT 2025: No remote changes detected
Fri 29 Aug 09:00:06 EDT 2025: Sync complete
Fri 29 Aug 10:00:01 EDT 2025: Starting website sync...
sending incremental file list
./
index.html
index.nginx-debian.html
robots.txt
script.js
sitemap.xml
style.css
blog/
blog/breeze-time-tracker-dashboard.html
blog/easy-pdf-insert.html
blog/family-dashboard.html
blog/index.html
blog/reddit-post-hider.html
blog/who-dis-ip-lookup.html
blog/wpengine-backup-scheduler.html
blog/images/
blog/images/breeze-time-tracker.png
blog/images/breeze-time-tracker.svg
blog/images/easy-pdf-insert.png
blog/images/easy-pdf-insert.svg
blog/images/family-dashboard.png
blog/images/family-dashboard.svg
blog/images/reddit-post-hider.png
blog/images/reddit-post-hider.svg
blog/images/who-dis-ip-lookup.png
blog/images/who-dis-ip-lookup.svg
blog/images/wpengine-backup-scheduler.png
blog/images/wpengine-backup-scheduler.svg

sent 528,529 bytes  received 514 bytes  1,058,086.00 bytes/sec
total size is 526,367  speedup is 0.99
Fri 29 Aug 10:00:01 EDT 2025: No changes detected, skipping sync
Fri 29 Aug 11:00:01 EDT 2025: Starting website sync...
sending incremental file list
./
index.html
index.nginx-debian.html
robots.txt
script.js
sitemap.xml
style.css
blog/
blog/breeze-time-tracker-dashboard.html
blog/easy-pdf-insert.html
blog/family-dashboard.html
blog/index.html
blog/reddit-post-hider.html
blog/who-dis-ip-lookup.html
blog/wpengine-backup-scheduler.html
blog/images/
blog/images/breeze-time-tracker.png
blog/images/breeze-time-tracker.svg
blog/images/easy-pdf-insert.png
blog/images/easy-pdf-insert.svg
blog/images/family-dashboard.png
blog/images/family-dashboard.svg
blog/images/reddit-post-hider.png
blog/images/reddit-post-hider.svg
blog/images/who-dis-ip-lookup.png
blog/images/who-dis-ip-lookup.svg
blog/images/wpengine-backup-scheduler.png
blog/images/wpengine-backup-scheduler.svg

sent 528,529 bytes  received 514 bytes  1,058,086.00 bytes/sec
total size is 526,367  speedup is 0.99
Fri 29 Aug 11:00:01 EDT 2025: No changes detected, skipping sync
Fri 29 Aug 12:00:01 EDT 2025: Starting website sync...
sending incremental file list
./
index.html
index.nginx-debian.html
robots.txt
script.js
sitemap.xml
style.css
blog/
blog/breeze-time-tracker-dashboard.html
blog/easy-pdf-insert.html
blog/family-dashboard.html
blog/index.html
blog/reddit-post-hider.html
blog/who-dis-ip-lookup.html
blog/wpengine-backup-scheduler.html
blog/images/
blog/images/breeze-time-tracker.png
blog/images/breeze-time-tracker.svg
blog/images/easy-pdf-insert.png
blog/images/easy-pdf-insert.svg
blog/images/family-dashboard.png
blog/images/family-dashboard.svg
blog/images/reddit-post-hider.png
blog/images/reddit-post-hider.svg
blog/images/who-dis-ip-lookup.png
blog/images/who-dis-ip-lookup.svg
blog/images/wpengine-backup-scheduler.png
blog/images/wpengine-backup-scheduler.svg

sent 528,529 bytes  received 514 bytes  1,058,086.00 bytes/sec
total size is 526,367  speedup is 0.99
Fri 29 Aug 12:00:01 EDT 2025: No changes detected, skipping sync
Fri 29 Aug 13:00:01 EDT 2025: Starting website sync...
sending incremental file list
./
index.html
index.nginx-debian.html
robots.txt
script.js
sitemap.xml
style.css
blog/
blog/breeze-time-tracker-dashboard.html
blog/easy-pdf-insert.html
blog/family-dashboard.html
blog/index.html
blog/reddit-post-hider.html
blog/who-dis-ip-lookup.html
blog/wpengine-backup-scheduler.html
blog/images/
blog/images/breeze-time-tracker.png
blog/images/breeze-time-tracker.svg
blog/images/easy-pdf-insert.png
blog/images/easy-pdf-insert.svg
blog/images/family-dashboard.png
blog/images/family-dashboard.svg
blog/images/reddit-post-hider.png
blog/images/reddit-post-hider.svg
blog/images/who-dis-ip-lookup.png
blog/images/who-dis-ip-lookup.svg
blog/images/wpengine-backup-scheduler.png
blog/images/wpengine-backup-scheduler.svg

sent 528,529 bytes  received 514 bytes  1,058,086.00 bytes/sec
total size is 526,367  speedup is 0.99
Fri 29 Aug 13:00:01 EDT 2025: No changes detected, skipping sync
Fri 29 Aug 14:00:01 EDT 2025: Starting website sync...
sending incremental file list
./
index.html
index.nginx-debian.html
robots.txt
script.js
sitemap.xml
style.css
blog/
blog/breeze-time-tracker-dashboard.html
blog/easy-pdf-insert.html
blog/family-dashboard.html
blog/index.html
blog/reddit-post-hider.html
blog/who-dis-ip-lookup.html
blog/wpengine-backup-scheduler.html
blog/images/
blog/images/breeze-time-tracker.png
blog/images/breeze-time-tracker.svg
blog/images/easy-pdf-insert.png
blog/images/easy-pdf-insert.svg
blog/images/family-dashboard.png
blog/images/family-dashboard.svg
blog/images/reddit-post-hider.png
blog/images/reddit-post-hider.svg
blog/images/who-dis-ip-lookup.png
blog/images/who-dis-ip-lookup.svg
blog/images/wpengine-backup-scheduler.png
blog/images/wpengine-backup-scheduler.svg

sent 528,529 bytes  received 514 bytes  1,058,086.00 bytes/sec
total size is 526,367  speedup is 0.99
Fri 29 Aug 14:00:02 EDT 2025: No changes detected, skipping sync
Fri 29 Aug 15:00:01 EDT 2025: Starting website sync...
sending incremental file list
./
index.html
index.nginx-debian.html
robots.txt
script.js
sitemap.xml
style.css
blog/
blog/breeze-time-tracker-dashboard.html
blog/easy-pdf-insert.html
blog/family-dashboard.html
blog/index.html
blog/reddit-post-hider.html
blog/who-dis-ip-lookup.html
blog/wpengine-backup-scheduler.html
blog/images/
blog/images/breeze-time-tracker.png
blog/images/breeze-time-tracker.svg
blog/images/easy-pdf-insert.png
blog/images/easy-pdf-insert.svg
blog/images/family-dashboard.png
blog/images/family-dashboard.svg
blog/images/reddit-post-hider.png
blog/images/reddit-post-hider.svg
blog/images/who-dis-ip-lookup.png
blog/images/who-dis-ip-lookup.svg
blog/images/wpengine-backup-scheduler.png
blog/images/wpengine-backup-scheduler.svg

sent 528,525 bytes  received 514 bytes  1,058,078.00 bytes/sec
total size is 526,367  speedup is 0.99
Fri 29 Aug 15:00:01 EDT 2025: No changes detected, skipping sync
Fri 29 Aug 16:00:01 EDT 2025: Starting website sync...
sending incremental file list
./
index.html
index.nginx-debian.html
robots.txt
script.js
sitemap.xml
style.css
blog/
blog/breeze-time-tracker-dashboard.html
blog/easy-pdf-insert.html
blog/family-dashboard.html
blog/index.html
blog/reddit-post-hider.html
blog/who-dis-ip-lookup.html
blog/wpengine-backup-scheduler.html
blog/images/
blog/images/breeze-time-tracker.png
blog/images/breeze-time-tracker.svg
blog/images/easy-pdf-insert.png
blog/images/easy-pdf-insert.svg
blog/images/family-dashboard.png
blog/images/family-dashboard.svg
blog/images/reddit-post-hider.png
blog/images/reddit-post-hider.svg
blog/images/who-dis-ip-lookup.png
blog/images/who-dis-ip-lookup.svg
blog/images/wpengine-backup-scheduler.png
blog/images/wpengine-backup-scheduler.svg

sent 528,529 bytes  received 514 bytes  1,058,086.00 bytes/sec
total size is 526,367  speedup is 0.99
Fri 29 Aug 16:00:01 EDT 2025: No changes detected, skipping sync
Fri 29 Aug 17:00:01 EDT 2025: Starting website sync...
sending incremental file list
./
index.html
index.nginx-debian.html
robots.txt
script.js
sitemap.xml
style.css
blog/
blog/breeze-time-tracker-dashboard.html
blog/easy-pdf-insert.html
blog/family-dashboard.html
blog/index.html
blog/reddit-post-hider.html
blog/who-dis-ip-lookup.html
blog/wpengine-backup-scheduler.html
blog/images/
blog/images/breeze-time-tracker.png
blog/images/breeze-time-tracker.svg
blog/images/easy-pdf-insert.png
blog/images/easy-pdf-insert.svg
blog/images/family-dashboard.png
blog/images/family-dashboard.svg
blog/images/reddit-post-hider.png
blog/images/reddit-post-hider.svg
blog/images/who-dis-ip-lookup.png
blog/images/who-dis-ip-lookup.svg
blog/images/wpengine-backup-scheduler.png
blog/images/wpengine-backup-scheduler.svg

sent 528,525 bytes  received 514 bytes  1,058,078.00 bytes/sec
total size is 526,367  speedup is 0.99
Fri 29 Aug 17:00:01 EDT 2025: No changes detected, skipping sync
Fri 29 Aug 18:00:01 EDT 2025: Starting website sync...
sending incremental file list
./
index.html
index.nginx-debian.html
robots.txt
script.js
sitemap.xml
style.css
blog/
blog/breeze-time-tracker-dashboard.html
blog/easy-pdf-insert.html
blog/family-dashboard.html
blog/index.html
blog/reddit-post-hider.html
blog/who-dis-ip-lookup.html
blog/wpengine-backup-scheduler.html
blog/images/
blog/images/breeze-time-tracker.png
blog/images/breeze-time-tracker.svg
blog/images/easy-pdf-insert.png
blog/images/easy-pdf-insert.svg
blog/images/family-dashboard.png
blog/images/family-dashboard.svg
blog/images/reddit-post-hider.png
blog/images/reddit-post-hider.svg
blog/images/who-dis-ip-lookup.png
blog/images/who-dis-ip-lookup.svg
blog/images/wpengine-backup-scheduler.png
blog/images/wpengine-backup-scheduler.svg

sent 528,529 bytes  received 514 bytes  1,058,086.00 bytes/sec
total size is 526,367  speedup is 0.99
Fri 29 Aug 18:00:01 EDT 2025: No changes detected, skipping sync
Fri 29 Aug 19:00:01 EDT 2025: Starting website sync...
sending incremental file list
./
index.html
index.nginx-debian.html
robots.txt
script.js
sitemap.xml
style.css
blog/
blog/breeze-time-tracker-dashboard.html
blog/easy-pdf-insert.html
blog/family-dashboard.html
blog/index.html
blog/reddit-post-hider.html
blog/who-dis-ip-lookup.html
blog/wpengine-backup-scheduler.html
blog/images/
blog/images/breeze-time-tracker.png
blog/images/breeze-time-tracker.svg
blog/images/easy-pdf-insert.png
blog/images/easy-pdf-insert.svg
blog/images/family-dashboard.png
blog/images/family-dashboard.svg
blog/images/reddit-post-hider.png
blog/images/reddit-post-hider.svg
blog/images/who-dis-ip-lookup.png
blog/images/who-dis-ip-lookup.svg
blog/images/wpengine-backup-scheduler.png
blog/images/wpengine-backup-scheduler.svg

sent 528,529 bytes  received 514 bytes  1,058,086.00 bytes/sec
total size is 526,367  speedup is 0.99
Fri 29 Aug 19:00:01 EDT 2025: No changes detected, skipping sync
Fri 29 Aug 20:00:01 EDT 2025: Starting website sync...
sending incremental file list
./
index.html
index.nginx-debian.html
robots.txt
script.js
sitemap.xml
style.css
blog/
blog/breeze-time-tracker-dashboard.html
blog/easy-pdf-insert.html
blog/family-dashboard.html
blog/index.html
blog/reddit-post-hider.html
blog/who-dis-ip-lookup.html
blog/wpengine-backup-scheduler.html
blog/images/
blog/images/breeze-time-tracker.png
blog/images/breeze-time-tracker.svg
blog/images/easy-pdf-insert.png
blog/images/easy-pdf-insert.svg
blog/images/family-dashboard.png
blog/images/family-dashboard.svg
blog/images/reddit-post-hider.png
blog/images/reddit-post-hider.svg
blog/images/who-dis-ip-lookup.png
blog/images/who-dis-ip-lookup.svg
blog/images/wpengine-backup-scheduler.png
blog/images/wpengine-backup-scheduler.svg

sent 528,529 bytes  received 514 bytes  1,058,086.00 bytes/sec
total size is 526,367  speedup is 0.99
Fri 29 Aug 20:00:01 EDT 2025: No changes detected, skipping sync
Fri 29 Aug 21:00:01 EDT 2025: Starting website sync...
sending incremental file list
./
index.html
index.nginx-debian.html
robots.txt
script.js
sitemap.xml
style.css
blog/
blog/breeze-time-tracker-dashboard.html
blog/easy-pdf-insert.html
blog/family-dashboard.html
blog/index.html
blog/reddit-post-hider.html
blog/who-dis-ip-lookup.html
blog/wpengine-backup-scheduler.html
blog/images/
blog/images/breeze-time-tracker.png
blog/images/breeze-time-tracker.svg
blog/images/easy-pdf-insert.png
blog/images/easy-pdf-insert.svg
blog/images/family-dashboard.png
blog/images/family-dashboard.svg
blog/images/reddit-post-hider.png
blog/images/reddit-post-hider.svg
blog/images/who-dis-ip-lookup.png
blog/images/who-dis-ip-lookup.svg
blog/images/wpengine-backup-scheduler.png
blog/images/wpengine-backup-scheduler.svg

sent 528,529 bytes  received 514 bytes  1,058,086.00 bytes/sec
total size is 526,367  speedup is 0.99
Fri 29 Aug 21:00:01 EDT 2025: No changes detected, skipping sync
Fri 29 Aug 22:00:01 EDT 2025: Starting website sync...
sending incremental file list
./
index.html
index.nginx-debian.html
robots.txt
script.js
sitemap.xml
style.css
blog/
blog/breeze-time-tracker-dashboard.html
blog/easy-pdf-insert.html
blog/family-dashboard.html
blog/index.html
blog/reddit-post-hider.html
blog/who-dis-ip-lookup.html
blog/wpengine-backup-scheduler.html
blog/images/
blog/images/breeze-time-tracker.png
blog/images/breeze-time-tracker.svg
blog/images/easy-pdf-insert.png
blog/images/easy-pdf-insert.svg
blog/images/family-dashboard.png
blog/images/family-dashboard.svg
blog/images/reddit-post-hider.png
blog/images/reddit-post-hider.svg
blog/images/who-dis-ip-lookup.png
blog/images/who-dis-ip-lookup.svg
blog/images/wpengine-backup-scheduler.png
blog/images/wpengine-backup-scheduler.svg

sent 528,529 bytes  received 514 bytes  1,058,086.00 bytes/sec
total size is 526,367  speedup is 0.99
Fri 29 Aug 22:00:01 EDT 2025: No changes detected, skipping sync
Fri 29 Aug 23:00:01 EDT 2025: Starting website sync...
sending incremental file list
./
index.html
index.nginx-debian.html
robots.txt
script.js
sitemap.xml
style.css
blog/
blog/breeze-time-tracker-dashboard.html
blog/easy-pdf-insert.html
blog/family-dashboard.html
blog/index.html
blog/reddit-post-hider.html
blog/who-dis-ip-lookup.html
blog/wpengine-backup-scheduler.html
blog/images/
blog/images/breeze-time-tracker.png
blog/images/breeze-time-tracker.svg
blog/images/easy-pdf-insert.png
blog/images/easy-pdf-insert.svg
blog/images/family-dashboard.png
blog/images/family-dashboard.svg
blog/images/reddit-post-hider.png
blog/images/reddit-post-hider.svg
blog/images/who-dis-ip-lookup.png
blog/images/who-dis-ip-lookup.svg
blog/images/wpengine-backup-scheduler.png
blog/images/wpengine-backup-scheduler.svg

sent 528,529 bytes  received 514 bytes  1,058,086.00 bytes/sec
total size is 526,367  speedup is 0.99
Fri 29 Aug 23:00:01 EDT 2025: No changes detected, skipping sync
Sat 30 Aug 00:00:01 EDT 2025: Starting website sync...
sending incremental file list
./
index.html
index.nginx-debian.html
robots.txt
script.js
sitemap.xml
style.css
blog/
blog/breeze-time-tracker-dashboard.html
blog/easy-pdf-insert.html
blog/family-dashboard.html
blog/index.html
blog/reddit-post-hider.html
blog/who-dis-ip-lookup.html
blog/wpengine-backup-scheduler.html
blog/images/
blog/images/breeze-time-tracker.png
blog/images/breeze-time-tracker.svg
blog/images/easy-pdf-insert.png
blog/images/easy-pdf-insert.svg
blog/images/family-dashboard.png
blog/images/family-dashboard.svg
blog/images/reddit-post-hider.png
blog/images/reddit-post-hider.svg
blog/images/who-dis-ip-lookup.png
blog/images/who-dis-ip-lookup.svg
blog/images/wpengine-backup-scheduler.png
blog/images/wpengine-backup-scheduler.svg

sent 528,525 bytes  received 514 bytes  1,058,078.00 bytes/sec
total size is 526,367  speedup is 0.99
Sat 30 Aug 00:00:01 EDT 2025: No changes detected, skipping sync
Sat 30 Aug 01:00:01 EDT 2025: Starting website sync...
sending incremental file list
./
index.html
index.nginx-debian.html
robots.txt
script.js
sitemap.xml
style.css
blog/
blog/breeze-time-tracker-dashboard.html
blog/easy-pdf-insert.html
blog/family-dashboard.html
blog/index.html
blog/reddit-post-hider.html
blog/who-dis-ip-lookup.html
blog/wpengine-backup-scheduler.html
blog/images/
blog/images/breeze-time-tracker.png
blog/images/breeze-time-tracker.svg
blog/images/easy-pdf-insert.png
blog/images/easy-pdf-insert.svg
blog/images/family-dashboard.png
blog/images/family-dashboard.svg
blog/images/reddit-post-hider.png
blog/images/reddit-post-hider.svg
blog/images/who-dis-ip-lookup.png
blog/images/who-dis-ip-lookup.svg
blog/images/wpengine-backup-scheduler.png
blog/images/wpengine-backup-scheduler.svg

sent 528,529 bytes  received 514 bytes  1,058,086.00 bytes/sec
total size is 526,367  speedup is 0.99
Sat 30 Aug 01:00:01 EDT 2025: No changes detected, skipping sync
Sat 30 Aug 02:00:01 EDT 2025: Starting website sync...
sending incremental file list
./
index.html
index.nginx-debian.html
robots.txt
script.js
sitemap.xml
style.css
blog/
blog/breeze-time-tracker-dashboard.html
blog/easy-pdf-insert.html
blog/family-dashboard.html
blog/index.html
blog/reddit-post-hider.html
blog/who-dis-ip-lookup.html
blog/wpengine-backup-scheduler.html
blog/images/
blog/images/breeze-time-tracker.png
blog/images/breeze-time-tracker.svg
blog/images/easy-pdf-insert.png
blog/images/easy-pdf-insert.svg
blog/images/family-dashboard.png
blog/images/family-dashboard.svg
blog/images/reddit-post-hider.png
blog/images/reddit-post-hider.svg
blog/images/who-dis-ip-lookup.png
blog/images/who-dis-ip-lookup.svg
blog/images/wpengine-backup-scheduler.png
blog/images/wpengine-backup-scheduler.svg

sent 528,529 bytes  received 514 bytes  1,058,086.00 bytes/sec
total size is 526,367  speedup is 0.99
Sat 30 Aug 02:00:01 EDT 2025: No changes detected, skipping sync
Sat 30 Aug 03:00:01 EDT 2025: Starting website sync...
sending incremental file list
./
index.html
index.nginx-debian.html
robots.txt
script.js
sitemap.xml
style.css
blog/
blog/breeze-time-tracker-dashboard.html
blog/easy-pdf-insert.html
blog/family-dashboard.html
blog/index.html
blog/reddit-post-hider.html
blog/who-dis-ip-lookup.html
blog/wpengine-backup-scheduler.html
blog/images/
blog/images/breeze-time-tracker.png
blog/images/breeze-time-tracker.svg
blog/images/easy-pdf-insert.png
blog/images/easy-pdf-insert.svg
blog/images/family-dashboard.png
blog/images/family-dashboard.svg
blog/images/reddit-post-hider.png
blog/images/reddit-post-hider.svg
blog/images/who-dis-ip-lookup.png
blog/images/who-dis-ip-lookup.svg
blog/images/wpengine-backup-scheduler.png
blog/images/wpengine-backup-scheduler.svg

sent 528,529 bytes  received 514 bytes  1,058,086.00 bytes/sec
total size is 526,367  speedup is 0.99
Sat 30 Aug 03:00:01 EDT 2025: No changes detected, skipping sync
Sat 30 Aug 04:00:01 EDT 2025: Starting website sync...
sending incremental file list
./
index.html
index.nginx-debian.html
robots.txt
script.js
sitemap.xml
style.css
blog/
blog/breeze-time-tracker-dashboard.html
blog/easy-pdf-insert.html
blog/family-dashboard.html
blog/index.html
blog/reddit-post-hider.html
blog/who-dis-ip-lookup.html
blog/wpengine-backup-scheduler.html
blog/images/
blog/images/breeze-time-tracker.png
blog/images/breeze-time-tracker.svg
blog/images/easy-pdf-insert.png
blog/images/easy-pdf-insert.svg
blog/images/family-dashboard.png
blog/images/family-dashboard.svg
blog/images/reddit-post-hider.png
blog/images/reddit-post-hider.svg
blog/images/who-dis-ip-lookup.png
blog/images/who-dis-ip-lookup.svg
blog/images/wpengine-backup-scheduler.png
blog/images/wpengine-backup-scheduler.svg

sent 528,529 bytes  received 514 bytes  1,058,086.00 bytes/sec
total size is 526,367  speedup is 0.99
Sat 30 Aug 04:00:01 EDT 2025: No changes detected, skipping sync
Sat 30 Aug 05:00:01 EDT 2025: Starting website sync...
sending incremental file list
./
index.html
index.nginx-debian.html
robots.txt
script.js
sitemap.xml
style.css
blog/
blog/breeze-time-tracker-dashboard.html
blog/easy-pdf-insert.html
blog/family-dashboard.html
blog/index.html
blog/reddit-post-hider.html
blog/who-dis-ip-lookup.html
blog/wpengine-backup-scheduler.html
blog/images/
blog/images/breeze-time-tracker.png
blog/images/breeze-time-tracker.svg
blog/images/easy-pdf-insert.png
blog/images/easy-pdf-insert.svg
blog/images/family-dashboard.png
blog/images/family-dashboard.svg
blog/images/reddit-post-hider.png
blog/images/reddit-post-hider.svg
blog/images/who-dis-ip-lookup.png
blog/images/who-dis-ip-lookup.svg
blog/images/wpengine-backup-scheduler.png
blog/images/wpengine-backup-scheduler.svg

sent 528,529 bytes  received 514 bytes  1,058,086.00 bytes/sec
total size is 526,367  speedup is 0.99
Sat 30 Aug 05:00:01 EDT 2025: No changes detected, skipping sync
Sat 30 Aug 06:00:01 EDT 2025: Starting website sync...
sending incremental file list
./
index.html
index.nginx-debian.html
robots.txt
script.js
sitemap.xml
style.css
blog/
blog/breeze-time-tracker-dashboard.html
blog/easy-pdf-insert.html
blog/family-dashboard.html
blog/index.html
blog/reddit-post-hider.html
blog/who-dis-ip-lookup.html
blog/wpengine-backup-scheduler.html
blog/images/
blog/images/breeze-time-tracker.png
blog/images/breeze-time-tracker.svg
blog/images/easy-pdf-insert.png
blog/images/easy-pdf-insert.svg
blog/images/family-dashboard.png
blog/images/family-dashboard.svg
blog/images/reddit-post-hider.png
blog/images/reddit-post-hider.svg
blog/images/who-dis-ip-lookup.png
blog/images/who-dis-ip-lookup.svg
blog/images/wpengine-backup-scheduler.png
blog/images/wpengine-backup-scheduler.svg

sent 528,529 bytes  received 514 bytes  1,058,086.00 bytes/sec
total size is 526,367  speedup is 0.99
Sat 30 Aug 06:00:01 EDT 2025: No changes detected, skipping sync
Sat 30 Aug 07:00:01 EDT 2025: Starting website sync...
sending incremental file list
./
index.html
index.nginx-debian.html
robots.txt
script.js
sitemap.xml
style.css
blog/
blog/breeze-time-tracker-dashboard.html
blog/easy-pdf-insert.html
blog/family-dashboard.html
blog/index.html
blog/reddit-post-hider.html
blog/who-dis-ip-lookup.html
blog/wpengine-backup-scheduler.html
blog/images/
blog/images/breeze-time-tracker.png
blog/images/breeze-time-tracker.svg
blog/images/easy-pdf-insert.png
blog/images/easy-pdf-insert.svg
blog/images/family-dashboard.png
blog/images/family-dashboard.svg
blog/images/reddit-post-hider.png
blog/images/reddit-post-hider.svg
blog/images/who-dis-ip-lookup.png
blog/images/who-dis-ip-lookup.svg
blog/images/wpengine-backup-scheduler.png
blog/images/wpengine-backup-scheduler.svg

sent 528,529 bytes  received 514 bytes  1,058,086.00 bytes/sec
total size is 526,367  speedup is 0.99
Sat 30 Aug 07:00:01 EDT 2025: No changes detected, skipping sync
Sat 30 Aug 08:00:01 EDT 2025: Starting website sync...
sending incremental file list
./
index.html
index.nginx-debian.html
robots.txt
script.js
sitemap.xml
style.css
blog/
blog/breeze-time-tracker-dashboard.html
blog/easy-pdf-insert.html
blog/family-dashboard.html
blog/index.html
blog/reddit-post-hider.html
blog/who-dis-ip-lookup.html
blog/wpengine-backup-scheduler.html
blog/images/
blog/images/breeze-time-tracker.png
blog/images/breeze-time-tracker.svg
blog/images/easy-pdf-insert.png
blog/images/easy-pdf-insert.svg
blog/images/family-dashboard.png
blog/images/family-dashboard.svg
blog/images/reddit-post-hider.png
blog/images/reddit-post-hider.svg
blog/images/who-dis-ip-lookup.png
blog/images/who-dis-ip-lookup.svg
blog/images/wpengine-backup-scheduler.png
blog/images/wpengine-backup-scheduler.svg

sent 528,529 bytes  received 514 bytes  1,058,086.00 bytes/sec
total size is 526,367  speedup is 0.99
Sat 30 Aug 08:00:01 EDT 2025: No changes detected, skipping sync
Sat 30 Aug 09:00:01 EDT 2025: Starting website sync...
sending incremental file list
./
index.html
index.nginx-debian.html
robots.txt
script.js
sitemap.xml
style.css
blog/
blog/breeze-time-tracker-dashboard.html
blog/easy-pdf-insert.html
blog/family-dashboard.html
blog/index.html
blog/reddit-post-hider.html
blog/who-dis-ip-lookup.html
blog/wpengine-backup-scheduler.html
blog/images/
blog/images/breeze-time-tracker.png
blog/images/breeze-time-tracker.svg
blog/images/easy-pdf-insert.png
blog/images/easy-pdf-insert.svg
blog/images/family-dashboard.png
blog/images/family-dashboard.svg
blog/images/reddit-post-hider.png
blog/images/reddit-post-hider.svg
blog/images/who-dis-ip-lookup.png
blog/images/who-dis-ip-lookup.svg
blog/images/wpengine-backup-scheduler.png
blog/images/wpengine-backup-scheduler.svg

sent 528,529 bytes  received 514 bytes  1,058,086.00 bytes/sec
total size is 526,367  speedup is 0.99
Sat 30 Aug 09:00:01 EDT 2025: No changes detected, skipping sync
Sat 30 Aug 10:00:01 EDT 2025: Starting website sync...
sending incremental file list
./
index.html
index.nginx-debian.html
robots.txt
script.js
sitemap.xml
style.css
blog/
blog/breeze-time-tracker-dashboard.html
blog/easy-pdf-insert.html
blog/family-dashboard.html
blog/index.html
blog/reddit-post-hider.html
blog/who-dis-ip-lookup.html
blog/wpengine-backup-scheduler.html
blog/images/
blog/images/breeze-time-tracker.png
blog/images/breeze-time-tracker.svg
blog/images/easy-pdf-insert.png
blog/images/easy-pdf-insert.svg
blog/images/family-dashboard.png
blog/images/family-dashboard.svg
blog/images/reddit-post-hider.png
blog/images/reddit-post-hider.svg
blog/images/who-dis-ip-lookup.png
blog/images/who-dis-ip-lookup.svg
blog/images/wpengine-backup-scheduler.png
blog/images/wpengine-backup-scheduler.svg

sent 528,525 bytes  received 514 bytes  1,058,078.00 bytes/sec
total size is 526,367  speedup is 0.99
Sat 30 Aug 10:00:01 EDT 2025: No changes detected, skipping sync
Sat 30 Aug 11:00:01 EDT 2025: Starting website sync...
sending incremental file list
./
index.html
index.nginx-debian.html
robots.txt
script.js
sitemap.xml
style.css
blog/
blog/breeze-time-tracker-dashboard.html
blog/easy-pdf-insert.html
blog/family-dashboard.html
blog/index.html
blog/reddit-post-hider.html
blog/who-dis-ip-lookup.html
blog/wpengine-backup-scheduler.html
blog/images/
blog/images/breeze-time-tracker.png
blog/images/breeze-time-tracker.svg
blog/images/easy-pdf-insert.png
blog/images/easy-pdf-insert.svg
blog/images/family-dashboard.png
blog/images/family-dashboard.svg
blog/images/reddit-post-hider.png
blog/images/reddit-post-hider.svg
blog/images/who-dis-ip-lookup.png
blog/images/who-dis-ip-lookup.svg
blog/images/wpengine-backup-scheduler.png
blog/images/wpengine-backup-scheduler.svg

sent 528,529 bytes  received 514 bytes  1,058,086.00 bytes/sec
total size is 526,367  speedup is 0.99
Sat 30 Aug 11:00:01 EDT 2025: No changes detected, skipping sync
Sat 30 Aug 12:00:01 EDT 2025: Starting website sync...
sending incremental file list
./
index.html
index.nginx-debian.html
robots.txt
script.js
sitemap.xml
style.css
blog/
blog/breeze-time-tracker-dashboard.html
blog/easy-pdf-insert.html
blog/family-dashboard.html
blog/index.html
blog/reddit-post-hider.html
blog/who-dis-ip-lookup.html
blog/wpengine-backup-scheduler.html
blog/images/
blog/images/breeze-time-tracker.png
blog/images/breeze-time-tracker.svg
blog/images/easy-pdf-insert.png
blog/images/easy-pdf-insert.svg
blog/images/family-dashboard.png
blog/images/family-dashboard.svg
blog/images/reddit-post-hider.png
blog/images/reddit-post-hider.svg
blog/images/who-dis-ip-lookup.png
blog/images/who-dis-ip-lookup.svg
blog/images/wpengine-backup-scheduler.png
blog/images/wpengine-backup-scheduler.svg

sent 528,529 bytes  received 514 bytes  1,058,086.00 bytes/sec
total size is 526,367  speedup is 0.99
Sat 30 Aug 12:00:01 EDT 2025: No changes detected, skipping sync
Sat 30 Aug 13:00:01 EDT 2025: Starting website sync...
sending incremental file list
./
index.html
index.nginx-debian.html
robots.txt
script.js
sitemap.xml
style.css
blog/
blog/breeze-time-tracker-dashboard.html
blog/easy-pdf-insert.html
blog/family-dashboard.html
blog/index.html
blog/reddit-post-hider.html
blog/who-dis-ip-lookup.html
blog/wpengine-backup-scheduler.html
blog/images/
blog/images/breeze-time-tracker.png
blog/images/breeze-time-tracker.svg
blog/images/easy-pdf-insert.png
blog/images/easy-pdf-insert.svg
blog/images/family-dashboard.png
blog/images/family-dashboard.svg
blog/images/reddit-post-hider.png
blog/images/reddit-post-hider.svg
blog/images/who-dis-ip-lookup.png
blog/images/who-dis-ip-lookup.svg
blog/images/wpengine-backup-scheduler.png
blog/images/wpengine-backup-scheduler.svg

sent 528,529 bytes  received 514 bytes  1,058,086.00 bytes/sec
total size is 526,367  speedup is 0.99
Sat 30 Aug 13:00:01 EDT 2025: No changes detected, skipping sync
Sat 30 Aug 14:00:01 EDT 2025: Starting website sync...
sending incremental file list
./
index.html
index.nginx-debian.html
robots.txt
script.js
sitemap.xml
style.css
blog/
blog/breeze-time-tracker-dashboard.html
blog/easy-pdf-insert.html
blog/family-dashboard.html
blog/index.html
blog/reddit-post-hider.html
blog/who-dis-ip-lookup.html
blog/wpengine-backup-scheduler.html
blog/images/
blog/images/breeze-time-tracker.png
blog/images/breeze-time-tracker.svg
blog/images/easy-pdf-insert.png
blog/images/easy-pdf-insert.svg
blog/images/family-dashboard.png
blog/images/family-dashboard.svg
blog/images/reddit-post-hider.png
blog/images/reddit-post-hider.svg
blog/images/who-dis-ip-lookup.png
blog/images/who-dis-ip-lookup.svg
blog/images/wpengine-backup-scheduler.png
blog/images/wpengine-backup-scheduler.svg

sent 528,529 bytes  received 514 bytes  1,058,086.00 bytes/sec
total size is 526,367  speedup is 0.99
Sat 30 Aug 14:00:02 EDT 2025: No changes detected, skipping sync
Sat 30 Aug 15:00:01 EDT 2025: Starting website sync...
sending incremental file list
./
index.html
index.nginx-debian.html
robots.txt
script.js
sitemap.xml
style.css
blog/
blog/breeze-time-tracker-dashboard.html
blog/easy-pdf-insert.html
blog/family-dashboard.html
blog/index.html
blog/reddit-post-hider.html
blog/who-dis-ip-lookup.html
blog/wpengine-backup-scheduler.html
blog/images/
blog/images/breeze-time-tracker.png
blog/images/breeze-time-tracker.svg
blog/images/easy-pdf-insert.png
blog/images/easy-pdf-insert.svg
blog/images/family-dashboard.png
blog/images/family-dashboard.svg
blog/images/reddit-post-hider.png
blog/images/reddit-post-hider.svg
blog/images/who-dis-ip-lookup.png
blog/images/who-dis-ip-lookup.svg
blog/images/wpengine-backup-scheduler.png
blog/images/wpengine-backup-scheduler.svg

sent 528,529 bytes  received 514 bytes  1,058,086.00 bytes/sec
total size is 526,367  speedup is 0.99
Sat 30 Aug 15:00:01 EDT 2025: No changes detected, skipping sync
Sat 30 Aug 16:00:01 EDT 2025: Starting website sync...
sending incremental file list
./
index.html
index.nginx-debian.html
robots.txt
script.js
sitemap.xml
style.css
blog/
blog/breeze-time-tracker-dashboard.html
blog/easy-pdf-insert.html
blog/family-dashboard.html
blog/index.html
blog/reddit-post-hider.html
blog/who-dis-ip-lookup.html
blog/wpengine-backup-scheduler.html
blog/images/
blog/images/breeze-time-tracker.png
blog/images/breeze-time-tracker.svg
blog/images/easy-pdf-insert.png
blog/images/easy-pdf-insert.svg
blog/images/family-dashboard.png
blog/images/family-dashboard.svg
blog/images/reddit-post-hider.png
blog/images/reddit-post-hider.svg
blog/images/who-dis-ip-lookup.png
blog/images/who-dis-ip-lookup.svg
blog/images/wpengine-backup-scheduler.png
blog/images/wpengine-backup-scheduler.svg

sent 528,529 bytes  received 514 bytes  1,058,086.00 bytes/sec
total size is 526,367  speedup is 0.99
Sat 30 Aug 16:00:01 EDT 2025: No changes detected, skipping sync
Sat 30 Aug 17:00:01 EDT 2025: Starting website sync...
sending incremental file list
./
index.html
index.nginx-debian.html
robots.txt
script.js
sitemap.xml
style.css
blog/
blog/breeze-time-tracker-dashboard.html
blog/easy-pdf-insert.html
blog/family-dashboard.html
blog/index.html
blog/reddit-post-hider.html
blog/who-dis-ip-lookup.html
blog/wpengine-backup-scheduler.html
blog/images/
blog/images/breeze-time-tracker.png
blog/images/breeze-time-tracker.svg
blog/images/easy-pdf-insert.png
blog/images/easy-pdf-insert.svg
blog/images/family-dashboard.png
blog/images/family-dashboard.svg
blog/images/reddit-post-hider.png
blog/images/reddit-post-hider.svg
blog/images/who-dis-ip-lookup.png
blog/images/who-dis-ip-lookup.svg
blog/images/wpengine-backup-scheduler.png
blog/images/wpengine-backup-scheduler.svg

sent 528,529 bytes  received 514 bytes  1,058,086.00 bytes/sec
total size is 526,367  speedup is 0.99
Sat 30 Aug 17:00:01 EDT 2025: No changes detected, skipping sync
Sat 30 Aug 18:00:01 EDT 2025: Starting website sync...
sending incremental file list
./
index.html
index.nginx-debian.html
robots.txt
script.js
sitemap.xml
style.css
blog/
blog/breeze-time-tracker-dashboard.html
blog/easy-pdf-insert.html
blog/family-dashboard.html
blog/index.html
blog/reddit-post-hider.html
blog/who-dis-ip-lookup.html
blog/wpengine-backup-scheduler.html
blog/images/
blog/images/breeze-time-tracker.png
blog/images/breeze-time-tracker.svg
blog/images/easy-pdf-insert.png
blog/images/easy-pdf-insert.svg
blog/images/family-dashboard.png
blog/images/family-dashboard.svg
blog/images/reddit-post-hider.png
blog/images/reddit-post-hider.svg
blog/images/who-dis-ip-lookup.png
blog/images/who-dis-ip-lookup.svg
blog/images/wpengine-backup-scheduler.png
blog/images/wpengine-backup-scheduler.svg

sent 528,525 bytes  received 514 bytes  1,058,078.00 bytes/sec
total size is 526,367  speedup is 0.99
Sat 30 Aug 18:00:01 EDT 2025: No changes detected, skipping sync
Sat 30 Aug 19:00:01 EDT 2025: Starting website sync...
sending incremental file list
./
index.html
index.nginx-debian.html
robots.txt
script.js
sitemap.xml
style.css
blog/
blog/breeze-time-tracker-dashboard.html
blog/easy-pdf-insert.html
blog/family-dashboard.html
blog/index.html
blog/reddit-post-hider.html
blog/who-dis-ip-lookup.html
blog/wpengine-backup-scheduler.html
blog/images/
blog/images/breeze-time-tracker.png
blog/images/breeze-time-tracker.svg
blog/images/easy-pdf-insert.png
blog/images/easy-pdf-insert.svg
blog/images/family-dashboard.png
blog/images/family-dashboard.svg
blog/images/reddit-post-hider.png
blog/images/reddit-post-hider.svg
blog/images/who-dis-ip-lookup.png
blog/images/who-dis-ip-lookup.svg
blog/images/wpengine-backup-scheduler.png
blog/images/wpengine-backup-scheduler.svg

sent 528,529 bytes  received 514 bytes  1,058,086.00 bytes/sec
total size is 526,367  speedup is 0.99
Sat 30 Aug 19:00:01 EDT 2025: No changes detected, skipping sync
Sat 30 Aug 20:00:01 EDT 2025: Starting website sync...
sending incremental file list
./
index.html
index.nginx-debian.html
robots.txt
script.js
sitemap.xml
style.css
blog/
blog/breeze-time-tracker-dashboard.html
blog/easy-pdf-insert.html
blog/family-dashboard.html
blog/index.html
blog/reddit-post-hider.html
blog/who-dis-ip-lookup.html
blog/wpengine-backup-scheduler.html
blog/images/
blog/images/breeze-time-tracker.png
blog/images/breeze-time-tracker.svg
blog/images/easy-pdf-insert.png
blog/images/easy-pdf-insert.svg
blog/images/family-dashboard.png
blog/images/family-dashboard.svg
blog/images/reddit-post-hider.png
blog/images/reddit-post-hider.svg
blog/images/who-dis-ip-lookup.png
blog/images/who-dis-ip-lookup.svg
blog/images/wpengine-backup-scheduler.png
blog/images/wpengine-backup-scheduler.svg

sent 528,529 bytes  received 514 bytes  1,058,086.00 bytes/sec
total size is 526,367  speedup is 0.99
Sat 30 Aug 20:00:01 EDT 2025: No changes detected, skipping sync
Sat 30 Aug 21:00:01 EDT 2025: Starting website sync...
sending incremental file list
./
index.html
index.nginx-debian.html
robots.txt
script.js
sitemap.xml
style.css
blog/
blog/breeze-time-tracker-dashboard.html
blog/easy-pdf-insert.html
blog/family-dashboard.html
blog/index.html
blog/reddit-post-hider.html
blog/who-dis-ip-lookup.html
blog/wpengine-backup-scheduler.html
blog/images/
blog/images/breeze-time-tracker.png
blog/images/breeze-time-tracker.svg
blog/images/easy-pdf-insert.png
blog/images/easy-pdf-insert.svg
blog/images/family-dashboard.png
blog/images/family-dashboard.svg
blog/images/reddit-post-hider.png
blog/images/reddit-post-hider.svg
blog/images/who-dis-ip-lookup.png
blog/images/who-dis-ip-lookup.svg
blog/images/wpengine-backup-scheduler.png
blog/images/wpengine-backup-scheduler.svg

sent 528,529 bytes  received 514 bytes  1,058,086.00 bytes/sec
total size is 526,367  speedup is 0.99
Sat 30 Aug 21:00:01 EDT 2025: No changes detected, skipping sync
Sat 30 Aug 22:00:01 EDT 2025: Starting website sync...
sending incremental file list
./
index.html
index.nginx-debian.html
robots.txt
script.js
sitemap.xml
style.css
blog/
blog/breeze-time-tracker-dashboard.html
blog/easy-pdf-insert.html
blog/family-dashboard.html
blog/index.html
blog/reddit-post-hider.html
blog/who-dis-ip-lookup.html
blog/wpengine-backup-scheduler.html
blog/images/
blog/images/breeze-time-tracker.png
blog/images/breeze-time-tracker.svg
blog/images/easy-pdf-insert.png
blog/images/easy-pdf-insert.svg
blog/images/family-dashboard.png
blog/images/family-dashboard.svg
blog/images/reddit-post-hider.png
blog/images/reddit-post-hider.svg
blog/images/who-dis-ip-lookup.png
blog/images/who-dis-ip-lookup.svg
blog/images/wpengine-backup-scheduler.png
blog/images/wpengine-backup-scheduler.svg

sent 528,529 bytes  received 514 bytes  352,695.33 bytes/sec
total size is 526,367  speedup is 0.99
Sat 30 Aug 22:00:02 EDT 2025: No changes detected, skipping sync
Sat 30 Aug 23:00:01 EDT 2025: Starting website sync...
sending incremental file list
./
index.html
index.nginx-debian.html
robots.txt
script.js
sitemap.xml
style.css
blog/
blog/breeze-time-tracker-dashboard.html
blog/easy-pdf-insert.html
blog/family-dashboard.html
blog/index.html
blog/reddit-post-hider.html
blog/who-dis-ip-lookup.html
blog/wpengine-backup-scheduler.html
blog/images/
blog/images/breeze-time-tracker.png
blog/images/breeze-time-tracker.svg
blog/images/easy-pdf-insert.png
blog/images/easy-pdf-insert.svg
blog/images/family-dashboard.png
blog/images/family-dashboard.svg
blog/images/reddit-post-hider.png
blog/images/reddit-post-hider.svg
blog/images/who-dis-ip-lookup.png
blog/images/who-dis-ip-lookup.svg
blog/images/wpengine-backup-scheduler.png
blog/images/wpengine-backup-scheduler.svg

sent 528,529 bytes  received 514 bytes  1,058,086.00 bytes/sec
total size is 526,367  speedup is 0.99
Sat 30 Aug 23:00:01 EDT 2025: No changes detected, skipping sync
Sun 31 Aug 00:00:01 EDT 2025: Starting website sync...
sending incremental file list
./
index.html
index.nginx-debian.html
robots.txt
script.js
sitemap.xml
style.css
blog/
blog/breeze-time-tracker-dashboard.html
blog/easy-pdf-insert.html
blog/family-dashboard.html
blog/index.html
blog/reddit-post-hider.html
blog/who-dis-ip-lookup.html
blog/wpengine-backup-scheduler.html
blog/images/
blog/images/breeze-time-tracker.png
blog/images/breeze-time-tracker.svg
blog/images/easy-pdf-insert.png
blog/images/easy-pdf-insert.svg
blog/images/family-dashboard.png
blog/images/family-dashboard.svg
blog/images/reddit-post-hider.png
blog/images/reddit-post-hider.svg
blog/images/who-dis-ip-lookup.png
blog/images/who-dis-ip-lookup.svg
blog/images/wpengine-backup-scheduler.png
blog/images/wpengine-backup-scheduler.svg

sent 528,529 bytes  received 514 bytes  1,058,086.00 bytes/sec
total size is 526,367  speedup is 0.99
Sun 31 Aug 00:00:01 EDT 2025: No changes detected, skipping sync
Sun 31 Aug 01:00:01 EDT 2025: Starting website sync...
sending incremental file list
./
index.html
index.nginx-debian.html
robots.txt
script.js
sitemap.xml
style.css
blog/
blog/breeze-time-tracker-dashboard.html
blog/easy-pdf-insert.html
blog/family-dashboard.html
blog/index.html
blog/reddit-post-hider.html
blog/who-dis-ip-lookup.html
blog/wpengine-backup-scheduler.html
blog/images/
blog/images/breeze-time-tracker.png
blog/images/breeze-time-tracker.svg
blog/images/easy-pdf-insert.png
blog/images/easy-pdf-insert.svg
blog/images/family-dashboard.png
blog/images/family-dashboard.svg
blog/images/reddit-post-hider.png
blog/images/reddit-post-hider.svg
blog/images/who-dis-ip-lookup.png
blog/images/who-dis-ip-lookup.svg
blog/images/wpengine-backup-scheduler.png
blog/images/wpengine-backup-scheduler.svg

sent 528,529 bytes  received 514 bytes  1,058,086.00 bytes/sec
total size is 526,367  speedup is 0.99
Sun 31 Aug 01:00:01 EDT 2025: No changes detected, skipping sync
Sun 31 Aug 02:00:01 EDT 2025: Starting website sync...
sending incremental file list
./
index.html
index.nginx-debian.html
robots.txt
script.js
sitemap.xml
style.css
blog/
blog/breeze-time-tracker-dashboard.html
blog/easy-pdf-insert.html
blog/family-dashboard.html
blog/index.html
blog/reddit-post-hider.html
blog/who-dis-ip-lookup.html
blog/wpengine-backup-scheduler.html
blog/images/
blog/images/breeze-time-tracker.png
blog/images/breeze-time-tracker.svg
blog/images/easy-pdf-insert.png
blog/images/easy-pdf-insert.svg
blog/images/family-dashboard.png
blog/images/family-dashboard.svg
blog/images/reddit-post-hider.png
blog/images/reddit-post-hider.svg
blog/images/who-dis-ip-lookup.png
blog/images/who-dis-ip-lookup.svg
blog/images/wpengine-backup-scheduler.png
blog/images/wpengine-backup-scheduler.svg

sent 528,529 bytes  received 514 bytes  1,058,086.00 bytes/sec
total size is 526,367  speedup is 0.99
Sun 31 Aug 02:00:01 EDT 2025: No changes detected, skipping sync
Sun 31 Aug 03:00:01 EDT 2025: Starting website sync...
sending incremental file list
./
index.html
index.nginx-debian.html
robots.txt
script.js
sitemap.xml
style.css
blog/
blog/breeze-time-tracker-dashboard.html
blog/easy-pdf-insert.html
blog/family-dashboard.html
blog/index.html
blog/reddit-post-hider.html
blog/who-dis-ip-lookup.html
blog/wpengine-backup-scheduler.html
blog/images/
blog/images/breeze-time-tracker.png
blog/images/breeze-time-tracker.svg
blog/images/easy-pdf-insert.png
blog/images/easy-pdf-insert.svg
blog/images/family-dashboard.png
blog/images/family-dashboard.svg
blog/images/reddit-post-hider.png
blog/images/reddit-post-hider.svg
blog/images/who-dis-ip-lookup.png
blog/images/who-dis-ip-lookup.svg
blog/images/wpengine-backup-scheduler.png
blog/images/wpengine-backup-scheduler.svg

sent 528,529 bytes  received 514 bytes  1,058,086.00 bytes/sec
total size is 526,367  speedup is 0.99
Sun 31 Aug 03:00:02 EDT 2025: No changes detected, skipping sync
Sun 31 Aug 04:00:01 EDT 2025: Starting website sync...
sending incremental file list
./
index.html
index.nginx-debian.html
robots.txt
script.js
sitemap.xml
style.css
blog/
blog/breeze-time-tracker-dashboard.html
blog/easy-pdf-insert.html
blog/family-dashboard.html
blog/index.html
blog/reddit-post-hider.html
blog/who-dis-ip-lookup.html
blog/wpengine-backup-scheduler.html
blog/images/
blog/images/breeze-time-tracker.png
blog/images/breeze-time-tracker.svg
blog/images/easy-pdf-insert.png
blog/images/easy-pdf-insert.svg
blog/images/family-dashboard.png
blog/images/family-dashboard.svg
blog/images/reddit-post-hider.png
blog/images/reddit-post-hider.svg
blog/images/who-dis-ip-lookup.png
blog/images/who-dis-ip-lookup.svg
blog/images/wpengine-backup-scheduler.png
blog/images/wpengine-backup-scheduler.svg

sent 528,529 bytes  received 514 bytes  1,058,086.00 bytes/sec
total size is 526,367  speedup is 0.99
Sun 31 Aug 04:00:01 EDT 2025: No changes detected, skipping sync
Sun 31 Aug 05:00:01 EDT 2025: Starting website sync...
sending incremental file list
./
index.html
index.nginx-debian.html
robots.txt
script.js
sitemap.xml
style.css
blog/
blog/breeze-time-tracker-dashboard.html
blog/easy-pdf-insert.html
blog/family-dashboard.html
blog/index.html
blog/reddit-post-hider.html
blog/who-dis-ip-lookup.html
blog/wpengine-backup-scheduler.html
blog/images/
blog/images/breeze-time-tracker.png
blog/images/breeze-time-tracker.svg
blog/images/easy-pdf-insert.png
blog/images/easy-pdf-insert.svg
blog/images/family-dashboard.png
blog/images/family-dashboard.svg
blog/images/reddit-post-hider.png
blog/images/reddit-post-hider.svg
blog/images/who-dis-ip-lookup.png
blog/images/who-dis-ip-lookup.svg
blog/images/wpengine-backup-scheduler.png
blog/images/wpengine-backup-scheduler.svg

sent 528,525 bytes  received 514 bytes  1,058,078.00 bytes/sec
total size is 526,367  speedup is 0.99
Sun 31 Aug 05:00:01 EDT 2025: No changes detected, skipping sync
Sun 31 Aug 06:00:01 EDT 2025: Starting website sync...
sending incremental file list
./
index.html
index.nginx-debian.html
robots.txt
script.js
sitemap.xml
style.css
blog/
blog/breeze-time-tracker-dashboard.html
blog/easy-pdf-insert.html
blog/family-dashboard.html
blog/index.html
blog/reddit-post-hider.html
blog/who-dis-ip-lookup.html
blog/wpengine-backup-scheduler.html
blog/images/
blog/images/breeze-time-tracker.png
blog/images/breeze-time-tracker.svg
blog/images/easy-pdf-insert.png
blog/images/easy-pdf-insert.svg
blog/images/family-dashboard.png
blog/images/family-dashboard.svg
blog/images/reddit-post-hider.png
blog/images/reddit-post-hider.svg
blog/images/who-dis-ip-lookup.png
blog/images/who-dis-ip-lookup.svg
blog/images/wpengine-backup-scheduler.png
blog/images/wpengine-backup-scheduler.svg

sent 528,529 bytes  received 514 bytes  1,058,086.00 bytes/sec
total size is 526,367  speedup is 0.99
Sun 31 Aug 06:00:01 EDT 2025: No changes detected, skipping sync
Sun 31 Aug 07:00:01 EDT 2025: Starting website sync...
sending incremental file list
./
index.html
index.nginx-debian.html
robots.txt
script.js
sitemap.xml
style.css
blog/
blog/breeze-time-tracker-dashboard.html
blog/easy-pdf-insert.html
blog/family-dashboard.html
blog/index.html
blog/reddit-post-hider.html
blog/who-dis-ip-lookup.html
blog/wpengine-backup-scheduler.html
blog/images/
blog/images/breeze-time-tracker.png
blog/images/breeze-time-tracker.svg
blog/images/easy-pdf-insert.png
blog/images/easy-pdf-insert.svg
blog/images/family-dashboard.png
blog/images/family-dashboard.svg
blog/images/reddit-post-hider.png
blog/images/reddit-post-hider.svg
blog/images/who-dis-ip-lookup.png
blog/images/who-dis-ip-lookup.svg
blog/images/wpengine-backup-scheduler.png
blog/images/wpengine-backup-scheduler.svg

sent 528,529 bytes  received 514 bytes  1,058,086.00 bytes/sec
total size is 526,367  speedup is 0.99
Sun 31 Aug 07:00:01 EDT 2025: No changes detected, skipping sync
Sun 31 Aug 08:00:01 EDT 2025: Starting website sync...
sending incremental file list
./
index.html
index.nginx-debian.html
robots.txt
script.js
sitemap.xml
style.css
blog/
blog/breeze-time-tracker-dashboard.html
blog/easy-pdf-insert.html
blog/family-dashboard.html
blog/index.html
blog/reddit-post-hider.html
blog/who-dis-ip-lookup.html
blog/wpengine-backup-scheduler.html
blog/images/
blog/images/breeze-time-tracker.png
blog/images/breeze-time-tracker.svg
blog/images/easy-pdf-insert.png
blog/images/easy-pdf-insert.svg
blog/images/family-dashboard.png
blog/images/family-dashboard.svg
blog/images/reddit-post-hider.png
blog/images/reddit-post-hider.svg
blog/images/who-dis-ip-lookup.png
blog/images/who-dis-ip-lookup.svg
blog/images/wpengine-backup-scheduler.png
blog/images/wpengine-backup-scheduler.svg

sent 528,529 bytes  received 514 bytes  1,058,086.00 bytes/sec
total size is 526,367  speedup is 0.99
Sun 31 Aug 08:00:01 EDT 2025: No changes detected, skipping sync
Sun 31 Aug 09:00:01 EDT 2025: Starting website sync...
sending incremental file list
./
index.html
index.nginx-debian.html
robots.txt
script.js
sitemap.xml
style.css
blog/
blog/breeze-time-tracker-dashboard.html
blog/easy-pdf-insert.html
blog/family-dashboard.html
blog/index.html
blog/reddit-post-hider.html
blog/who-dis-ip-lookup.html
blog/wpengine-backup-scheduler.html
blog/images/
blog/images/breeze-time-tracker.png
blog/images/breeze-time-tracker.svg
blog/images/easy-pdf-insert.png
blog/images/easy-pdf-insert.svg
blog/images/family-dashboard.png
blog/images/family-dashboard.svg
blog/images/reddit-post-hider.png
blog/images/reddit-post-hider.svg
blog/images/who-dis-ip-lookup.png
blog/images/who-dis-ip-lookup.svg
blog/images/wpengine-backup-scheduler.png
blog/images/wpengine-backup-scheduler.svg

sent 528,525 bytes  received 514 bytes  1,058,078.00 bytes/sec
total size is 526,367  speedup is 0.99
Sun 31 Aug 09:00:01 EDT 2025: No changes detected, skipping sync
Sun 31 Aug 10:00:01 EDT 2025: Starting website sync...
sending incremental file list
./
index.html
index.nginx-debian.html
robots.txt
script.js
sitemap.xml
style.css
blog/
blog/breeze-time-tracker-dashboard.html
blog/easy-pdf-insert.html
blog/family-dashboard.html
blog/index.html
blog/reddit-post-hider.html
blog/who-dis-ip-lookup.html
blog/wpengine-backup-scheduler.html
blog/images/
blog/images/breeze-time-tracker.png
blog/images/breeze-time-tracker.svg
blog/images/easy-pdf-insert.png
blog/images/easy-pdf-insert.svg
blog/images/family-dashboard.png
blog/images/family-dashboard.svg
blog/images/reddit-post-hider.png
blog/images/reddit-post-hider.svg
blog/images/who-dis-ip-lookup.png
blog/images/who-dis-ip-lookup.svg
blog/images/wpengine-backup-scheduler.png
blog/images/wpengine-backup-scheduler.svg

sent 528,529 bytes  received 514 bytes  1,058,086.00 bytes/sec
total size is 526,367  speedup is 0.99
Sun 31 Aug 10:00:02 EDT 2025: No changes detected, skipping sync
Sun 31 Aug 11:00:01 EDT 2025: Starting website sync...
sending incremental file list
./
index.html
index.nginx-debian.html
robots.txt
script.js
sitemap.xml
style.css
blog/
blog/breeze-time-tracker-dashboard.html
blog/easy-pdf-insert.html
blog/family-dashboard.html
blog/index.html
blog/reddit-post-hider.html
blog/who-dis-ip-lookup.html
blog/wpengine-backup-scheduler.html
blog/images/
blog/images/breeze-time-tracker.png
blog/images/breeze-time-tracker.svg
blog/images/easy-pdf-insert.png
blog/images/easy-pdf-insert.svg
blog/images/family-dashboard.png
blog/images/family-dashboard.svg
blog/images/reddit-post-hider.png
blog/images/reddit-post-hider.svg
blog/images/who-dis-ip-lookup.png
blog/images/who-dis-ip-lookup.svg
blog/images/wpengine-backup-scheduler.png
blog/images/wpengine-backup-scheduler.svg

sent 528,529 bytes  received 514 bytes  1,058,086.00 bytes/sec
total size is 526,367  speedup is 0.99
Sun 31 Aug 11:00:01 EDT 2025: No changes detected, skipping sync
Sun 31 Aug 12:00:01 EDT 2025: Starting website sync...
sending incremental file list
./
index.html
index.nginx-debian.html
robots.txt
script.js
sitemap.xml
style.css
blog/
blog/breeze-time-tracker-dashboard.html
blog/easy-pdf-insert.html
blog/family-dashboard.html
blog/index.html
blog/reddit-post-hider.html
blog/who-dis-ip-lookup.html
blog/wpengine-backup-scheduler.html
blog/images/
blog/images/breeze-time-tracker.png
blog/images/breeze-time-tracker.svg
blog/images/easy-pdf-insert.png
blog/images/easy-pdf-insert.svg
blog/images/family-dashboard.png
blog/images/family-dashboard.svg
blog/images/reddit-post-hider.png
blog/images/reddit-post-hider.svg
blog/images/who-dis-ip-lookup.png
blog/images/who-dis-ip-lookup.svg
blog/images/wpengine-backup-scheduler.png
blog/images/wpengine-backup-scheduler.svg

sent 528,529 bytes  received 514 bytes  1,058,086.00 bytes/sec
total size is 526,367  speedup is 0.99
Sun 31 Aug 12:00:01 EDT 2025: No changes detected, skipping sync
Sun 31 Aug 13:00:01 EDT 2025: Starting website sync...
sending incremental file list
./
index.html
index.nginx-debian.html
robots.txt
script.js
sitemap.xml
style.css
blog/
blog/breeze-time-tracker-dashboard.html
blog/easy-pdf-insert.html
blog/family-dashboard.html
blog/index.html
blog/reddit-post-hider.html
blog/who-dis-ip-lookup.html
blog/wpengine-backup-scheduler.html
blog/images/
blog/images/breeze-time-tracker.png
blog/images/breeze-time-tracker.svg
blog/images/easy-pdf-insert.png
blog/images/easy-pdf-insert.svg
blog/images/family-dashboard.png
blog/images/family-dashboard.svg
blog/images/reddit-post-hider.png
blog/images/reddit-post-hider.svg
blog/images/who-dis-ip-lookup.png
blog/images/who-dis-ip-lookup.svg
blog/images/wpengine-backup-scheduler.png
blog/images/wpengine-backup-scheduler.svg

sent 528,525 bytes  received 514 bytes  1,058,078.00 bytes/sec
total size is 526,367  speedup is 0.99
Sun 31 Aug 13:00:02 EDT 2025: No changes detected, skipping sync
Sun 31 Aug 14:00:01 EDT 2025: Starting website sync...
sending incremental file list
./
index.html
index.nginx-debian.html
robots.txt
script.js
sitemap.xml
style.css
blog/
blog/breeze-time-tracker-dashboard.html
blog/easy-pdf-insert.html
blog/family-dashboard.html
blog/index.html
blog/reddit-post-hider.html
blog/who-dis-ip-lookup.html
blog/wpengine-backup-scheduler.html
blog/images/
blog/images/breeze-time-tracker.png
blog/images/breeze-time-tracker.svg
blog/images/easy-pdf-insert.png
blog/images/easy-pdf-insert.svg
blog/images/family-dashboard.png
blog/images/family-dashboard.svg
blog/images/reddit-post-hider.png
blog/images/reddit-post-hider.svg
blog/images/who-dis-ip-lookup.png
blog/images/who-dis-ip-lookup.svg
blog/images/wpengine-backup-scheduler.png
blog/images/wpengine-backup-scheduler.svg

sent 528,529 bytes  received 514 bytes  1,058,086.00 bytes/sec
total size is 526,367  speedup is 0.99
Sun 31 Aug 14:00:01 EDT 2025: No changes detected, skipping sync
Sun 31 Aug 15:00:01 EDT 2025: Starting website sync...
sending incremental file list
./
index.html
index.nginx-debian.html
robots.txt
script.js
sitemap.xml
style.css
blog/
blog/breeze-time-tracker-dashboard.html
blog/easy-pdf-insert.html
blog/family-dashboard.html
blog/index.html
blog/reddit-post-hider.html
blog/who-dis-ip-lookup.html
blog/wpengine-backup-scheduler.html
blog/images/
blog/images/breeze-time-tracker.png
blog/images/breeze-time-tracker.svg
blog/images/easy-pdf-insert.png
blog/images/easy-pdf-insert.svg
blog/images/family-dashboard.png
blog/images/family-dashboard.svg
blog/images/reddit-post-hider.png
blog/images/reddit-post-hider.svg
blog/images/who-dis-ip-lookup.png
blog/images/who-dis-ip-lookup.svg
blog/images/wpengine-backup-scheduler.png
blog/images/wpengine-backup-scheduler.svg

sent 528,529 bytes  received 514 bytes  1,058,086.00 bytes/sec
total size is 526,367  speedup is 0.99
Sun 31 Aug 15:00:01 EDT 2025: No changes detected, skipping sync
Sun 31 Aug 16:00:01 EDT 2025: Starting website sync...
sending incremental file list
./
index.html
index.nginx-debian.html
robots.txt
script.js
sitemap.xml
style.css
blog/
blog/breeze-time-tracker-dashboard.html
blog/easy-pdf-insert.html
blog/family-dashboard.html
blog/index.html
blog/reddit-post-hider.html
blog/who-dis-ip-lookup.html
blog/wpengine-backup-scheduler.html
blog/images/
blog/images/breeze-time-tracker.png
blog/images/breeze-time-tracker.svg
blog/images/easy-pdf-insert.png
blog/images/easy-pdf-insert.svg
blog/images/family-dashboard.png
blog/images/family-dashboard.svg
blog/images/reddit-post-hider.png
blog/images/reddit-post-hider.svg
blog/images/who-dis-ip-lookup.png
blog/images/who-dis-ip-lookup.svg
blog/images/wpengine-backup-scheduler.png
blog/images/wpengine-backup-scheduler.svg

sent 528,529 bytes  received 514 bytes  1,058,086.00 bytes/sec
total size is 526,367  speedup is 0.99
Sun 31 Aug 16:00:01 EDT 2025: No changes detected, skipping sync
Sun 31 Aug 17:00:01 EDT 2025: Starting website sync...
sending incremental file list
./
index.html
index.nginx-debian.html
robots.txt
script.js
sitemap.xml
style.css
blog/
blog/breeze-time-tracker-dashboard.html
blog/easy-pdf-insert.html
blog/family-dashboard.html
blog/index.html
blog/reddit-post-hider.html
blog/who-dis-ip-lookup.html
blog/wpengine-backup-scheduler.html
blog/images/
blog/images/breeze-time-tracker.png
blog/images/breeze-time-tracker.svg
blog/images/easy-pdf-insert.png
blog/images/easy-pdf-insert.svg
blog/images/family-dashboard.png
blog/images/family-dashboard.svg
blog/images/reddit-post-hider.png
blog/images/reddit-post-hider.svg
blog/images/who-dis-ip-lookup.png
blog/images/who-dis-ip-lookup.svg
blog/images/wpengine-backup-scheduler.png
blog/images/wpengine-backup-scheduler.svg

sent 528,529 bytes  received 514 bytes  1,058,086.00 bytes/sec
total size is 526,367  speedup is 0.99
Sun 31 Aug 17:00:01 EDT 2025: No changes detected, skipping sync
Sun 31 Aug 18:00:01 EDT 2025: Starting website sync...
sending incremental file list
./
index.html
index.nginx-debian.html
robots.txt
script.js
sitemap.xml
style.css
blog/
blog/breeze-time-tracker-dashboard.html
blog/easy-pdf-insert.html
blog/family-dashboard.html
blog/index.html
blog/reddit-post-hider.html
blog/who-dis-ip-lookup.html
blog/wpengine-backup-scheduler.html
blog/images/
blog/images/breeze-time-tracker.png
blog/images/breeze-time-tracker.svg
blog/images/easy-pdf-insert.png
blog/images/easy-pdf-insert.svg
blog/images/family-dashboard.png
blog/images/family-dashboard.svg
blog/images/reddit-post-hider.png
blog/images/reddit-post-hider.svg
blog/images/who-dis-ip-lookup.png
blog/images/who-dis-ip-lookup.svg
blog/images/wpengine-backup-scheduler.png
blog/images/wpengine-backup-scheduler.svg

sent 528,529 bytes  received 514 bytes  1,058,086.00 bytes/sec
total size is 526,367  speedup is 0.99
Sun 31 Aug 18:00:01 EDT 2025: No changes detected, skipping sync
Sun 31 Aug 19:00:01 EDT 2025: Starting website sync...
sending incremental file list
./
index.html
index.nginx-debian.html
robots.txt
script.js
sitemap.xml
style.css
blog/
blog/breeze-time-tracker-dashboard.html
blog/easy-pdf-insert.html
blog/family-dashboard.html
blog/index.html
blog/reddit-post-hider.html
blog/who-dis-ip-lookup.html
blog/wpengine-backup-scheduler.html
blog/images/
blog/images/breeze-time-tracker.png
blog/images/breeze-time-tracker.svg
blog/images/easy-pdf-insert.png
blog/images/easy-pdf-insert.svg
blog/images/family-dashboard.png
blog/images/family-dashboard.svg
blog/images/reddit-post-hider.png
blog/images/reddit-post-hider.svg
blog/images/who-dis-ip-lookup.png
blog/images/who-dis-ip-lookup.svg
blog/images/wpengine-backup-scheduler.png
blog/images/wpengine-backup-scheduler.svg

sent 528,529 bytes  received 514 bytes  1,058,086.00 bytes/sec
total size is 526,367  speedup is 0.99
Sun 31 Aug 19:00:01 EDT 2025: No changes detected, skipping sync
Sun 31 Aug 20:00:01 EDT 2025: Starting website sync...
sending incremental file list
./
index.html
index.nginx-debian.html
robots.txt
script.js
sitemap.xml
style.css
blog/
blog/breeze-time-tracker-dashboard.html
blog/easy-pdf-insert.html
blog/family-dashboard.html
blog/index.html
blog/reddit-post-hider.html
blog/who-dis-ip-lookup.html
blog/wpengine-backup-scheduler.html
blog/images/
blog/images/breeze-time-tracker.png
blog/images/breeze-time-tracker.svg
blog/images/easy-pdf-insert.png
blog/images/easy-pdf-insert.svg
blog/images/family-dashboard.png
blog/images/family-dashboard.svg
blog/images/reddit-post-hider.png
blog/images/reddit-post-hider.svg
blog/images/who-dis-ip-lookup.png
blog/images/who-dis-ip-lookup.svg
blog/images/wpengine-backup-scheduler.png
blog/images/wpengine-backup-scheduler.svg

sent 528,529 bytes  received 514 bytes  1,058,086.00 bytes/sec
total size is 526,367  speedup is 0.99
Sun 31 Aug 20:00:01 EDT 2025: No changes detected, skipping sync
Sun 31 Aug 21:00:01 EDT 2025: Starting website sync...
sending incremental file list
./
index.html
index.nginx-debian.html
robots.txt
script.js
sitemap.xml
style.css
blog/
blog/breeze-time-tracker-dashboard.html
blog/easy-pdf-insert.html
blog/family-dashboard.html
blog/index.html
blog/reddit-post-hider.html
blog/who-dis-ip-lookup.html
blog/wpengine-backup-scheduler.html
blog/images/
blog/images/breeze-time-tracker.png
blog/images/breeze-time-tracker.svg
blog/images/easy-pdf-insert.png
blog/images/easy-pdf-insert.svg
blog/images/family-dashboard.png
blog/images/family-dashboard.svg
blog/images/reddit-post-hider.png
blog/images/reddit-post-hider.svg
blog/images/who-dis-ip-lookup.png
blog/images/who-dis-ip-lookup.svg
blog/images/wpengine-backup-scheduler.png
blog/images/wpengine-backup-scheduler.svg

sent 528,529 bytes  received 514 bytes  1,058,086.00 bytes/sec
total size is 526,367  speedup is 0.99
Sun 31 Aug 21:00:01 EDT 2025: No changes detected, skipping sync
Sun 31 Aug 22:00:01 EDT 2025: Starting website sync...
sending incremental file list
./
index.html
index.nginx-debian.html
robots.txt
script.js
sitemap.xml
style.css
blog/
blog/breeze-time-tracker-dashboard.html
blog/easy-pdf-insert.html
blog/family-dashboard.html
blog/index.html
blog/reddit-post-hider.html
blog/who-dis-ip-lookup.html
blog/wpengine-backup-scheduler.html
blog/images/
blog/images/breeze-time-tracker.png
blog/images/breeze-time-tracker.svg
blog/images/easy-pdf-insert.png
blog/images/easy-pdf-insert.svg
blog/images/family-dashboard.png
blog/images/family-dashboard.svg
blog/images/reddit-post-hider.png
blog/images/reddit-post-hider.svg
blog/images/who-dis-ip-lookup.png
blog/images/who-dis-ip-lookup.svg
blog/images/wpengine-backup-scheduler.png
blog/images/wpengine-backup-scheduler.svg

sent 528,529 bytes  received 514 bytes  1,058,086.00 bytes/sec
total size is 526,367  speedup is 0.99
Sun 31 Aug 22:00:01 EDT 2025: No changes detected, skipping sync
Sun 31 Aug 23:00:01 EDT 2025: Starting website sync...
sending incremental file list
./
index.html
index.nginx-debian.html
robots.txt
script.js
sitemap.xml
style.css
blog/
blog/breeze-time-tracker-dashboard.html
blog/easy-pdf-insert.html
blog/family-dashboard.html
blog/index.html
blog/reddit-post-hider.html
blog/who-dis-ip-lookup.html
blog/wpengine-backup-scheduler.html
blog/images/
blog/images/breeze-time-tracker.png
blog/images/breeze-time-tracker.svg
blog/images/easy-pdf-insert.png
blog/images/easy-pdf-insert.svg
blog/images/family-dashboard.png
blog/images/family-dashboard.svg
blog/images/reddit-post-hider.png
blog/images/reddit-post-hider.svg
blog/images/who-dis-ip-lookup.png
blog/images/who-dis-ip-lookup.svg
blog/images/wpengine-backup-scheduler.png
blog/images/wpengine-backup-scheduler.svg

sent 528,529 bytes  received 514 bytes  1,058,086.00 bytes/sec
total size is 526,367  speedup is 0.99
Sun 31 Aug 23:00:01 EDT 2025: No changes detected, skipping sync
Mon  1 Sep 00:00:01 EDT 2025: Starting website sync...
sending incremental file list
./
index.html
index.nginx-debian.html
robots.txt
script.js
sitemap.xml
style.css
blog/
blog/breeze-time-tracker-dashboard.html
blog/easy-pdf-insert.html
blog/family-dashboard.html
blog/index.html
blog/reddit-post-hider.html
blog/who-dis-ip-lookup.html
blog/wpengine-backup-scheduler.html
blog/images/
blog/images/breeze-time-tracker.png
blog/images/breeze-time-tracker.svg
blog/images/easy-pdf-insert.png
blog/images/easy-pdf-insert.svg
blog/images/family-dashboard.png
blog/images/family-dashboard.svg
blog/images/reddit-post-hider.png
blog/images/reddit-post-hider.svg
blog/images/who-dis-ip-lookup.png
blog/images/who-dis-ip-lookup.svg
blog/images/wpengine-backup-scheduler.png
blog/images/wpengine-backup-scheduler.svg

sent 528,529 bytes  received 514 bytes  1,058,086.00 bytes/sec
total size is 526,367  speedup is 0.99
Mon  1 Sep 00:00:01 EDT 2025: No changes detected, skipping sync
Mon  1 Sep 01:00:01 EDT 2025: Starting website sync...
sending incremental file list
./
index.html
index.nginx-debian.html
robots.txt
script.js
sitemap.xml
style.css
blog/
blog/breeze-time-tracker-dashboard.html
blog/easy-pdf-insert.html
blog/family-dashboard.html
blog/index.html
blog/reddit-post-hider.html
blog/who-dis-ip-lookup.html
blog/wpengine-backup-scheduler.html
blog/images/
blog/images/breeze-time-tracker.png
blog/images/breeze-time-tracker.svg
blog/images/easy-pdf-insert.png
blog/images/easy-pdf-insert.svg
blog/images/family-dashboard.png
blog/images/family-dashboard.svg
blog/images/reddit-post-hider.png
blog/images/reddit-post-hider.svg
blog/images/who-dis-ip-lookup.png
blog/images/who-dis-ip-lookup.svg
blog/images/wpengine-backup-scheduler.png
blog/images/wpengine-backup-scheduler.svg

sent 528,529 bytes  received 514 bytes  1,058,086.00 bytes/sec
total size is 526,367  speedup is 0.99
Mon  1 Sep 01:00:01 EDT 2025: No changes detected, skipping sync
Mon  1 Sep 02:00:01 EDT 2025: Starting website sync...
sending incremental file list
./
index.html
index.nginx-debian.html
robots.txt
script.js
sitemap.xml
style.css
blog/
blog/breeze-time-tracker-dashboard.html
blog/easy-pdf-insert.html
blog/family-dashboard.html
blog/index.html
blog/reddit-post-hider.html
blog/who-dis-ip-lookup.html
blog/wpengine-backup-scheduler.html
blog/images/
blog/images/breeze-time-tracker.png
blog/images/breeze-time-tracker.svg
blog/images/easy-pdf-insert.png
blog/images/easy-pdf-insert.svg
blog/images/family-dashboard.png
blog/images/family-dashboard.svg
blog/images/reddit-post-hider.png
blog/images/reddit-post-hider.svg
blog/images/who-dis-ip-lookup.png
blog/images/who-dis-ip-lookup.svg
blog/images/wpengine-backup-scheduler.png
blog/images/wpengine-backup-scheduler.svg

sent 528,529 bytes  received 514 bytes  1,058,086.00 bytes/sec
total size is 526,367  speedup is 0.99
Mon  1 Sep 02:00:01 EDT 2025: No changes detected, skipping sync
Mon  1 Sep 03:00:01 EDT 2025: Starting website sync...
sending incremental file list
./
index.html
index.nginx-debian.html
robots.txt
script.js
sitemap.xml
style.css
blog/
blog/breeze-time-tracker-dashboard.html
blog/easy-pdf-insert.html
blog/family-dashboard.html
blog/index.html
blog/reddit-post-hider.html
blog/who-dis-ip-lookup.html
blog/wpengine-backup-scheduler.html
blog/images/
blog/images/breeze-time-tracker.png
blog/images/breeze-time-tracker.svg
blog/images/easy-pdf-insert.png
blog/images/easy-pdf-insert.svg
blog/images/family-dashboard.png
blog/images/family-dashboard.svg
blog/images/reddit-post-hider.png
blog/images/reddit-post-hider.svg
blog/images/who-dis-ip-lookup.png
blog/images/who-dis-ip-lookup.svg
blog/images/wpengine-backup-scheduler.png
blog/images/wpengine-backup-scheduler.svg

sent 528,529 bytes  received 514 bytes  1,058,086.00 bytes/sec
total size is 526,367  speedup is 0.99
Mon  1 Sep 03:00:01 EDT 2025: No changes detected, skipping sync
Mon  1 Sep 04:00:01 EDT 2025: Starting website sync...
sending incremental file list
./
index.html
index.nginx-debian.html
robots.txt
script.js
sitemap.xml
style.css
blog/
blog/breeze-time-tracker-dashboard.html
blog/easy-pdf-insert.html
blog/family-dashboard.html
blog/index.html
blog/reddit-post-hider.html
blog/who-dis-ip-lookup.html
blog/wpengine-backup-scheduler.html
blog/images/
blog/images/breeze-time-tracker.png
blog/images/breeze-time-tracker.svg
blog/images/easy-pdf-insert.png
blog/images/easy-pdf-insert.svg
blog/images/family-dashboard.png
blog/images/family-dashboard.svg
blog/images/reddit-post-hider.png
blog/images/reddit-post-hider.svg
blog/images/who-dis-ip-lookup.png
blog/images/who-dis-ip-lookup.svg
blog/images/wpengine-backup-scheduler.png
blog/images/wpengine-backup-scheduler.svg

sent 528,529 bytes  received 514 bytes  1,058,086.00 bytes/sec
total size is 526,367  speedup is 0.99
Mon  1 Sep 04:00:01 EDT 2025: No changes detected, skipping sync
Mon  1 Sep 05:00:01 EDT 2025: Starting website sync...
sending incremental file list
./
index.html
index.nginx-debian.html
robots.txt
script.js
sitemap.xml
style.css
blog/
blog/breeze-time-tracker-dashboard.html
blog/easy-pdf-insert.html
blog/family-dashboard.html
blog/index.html
blog/reddit-post-hider.html
blog/who-dis-ip-lookup.html
blog/wpengine-backup-scheduler.html
blog/images/
blog/images/breeze-time-tracker.png
blog/images/breeze-time-tracker.svg
blog/images/easy-pdf-insert.png
blog/images/easy-pdf-insert.svg
blog/images/family-dashboard.png
blog/images/family-dashboard.svg
blog/images/reddit-post-hider.png
blog/images/reddit-post-hider.svg
blog/images/who-dis-ip-lookup.png
blog/images/who-dis-ip-lookup.svg
blog/images/wpengine-backup-scheduler.png
blog/images/wpengine-backup-scheduler.svg

sent 528,529 bytes  received 514 bytes  1,058,086.00 bytes/sec
total size is 526,367  speedup is 0.99
Mon  1 Sep 05:00:01 EDT 2025: No changes detected, skipping sync
Mon  1 Sep 06:00:01 EDT 2025: Starting website sync...
sending incremental file list
./
index.html
index.nginx-debian.html
robots.txt
script.js
sitemap.xml
style.css
blog/
blog/breeze-time-tracker-dashboard.html
blog/easy-pdf-insert.html
blog/family-dashboard.html
blog/index.html
blog/reddit-post-hider.html
blog/who-dis-ip-lookup.html
blog/wpengine-backup-scheduler.html
blog/images/
blog/images/breeze-time-tracker.png
blog/images/breeze-time-tracker.svg
blog/images/easy-pdf-insert.png
blog/images/easy-pdf-insert.svg
blog/images/family-dashboard.png
blog/images/family-dashboard.svg
blog/images/reddit-post-hider.png
blog/images/reddit-post-hider.svg
blog/images/who-dis-ip-lookup.png
blog/images/who-dis-ip-lookup.svg
blog/images/wpengine-backup-scheduler.png
blog/images/wpengine-backup-scheduler.svg

sent 528,529 bytes  received 514 bytes  1,058,086.00 bytes/sec
total size is 526,367  speedup is 0.99
Mon  1 Sep 06:00:01 EDT 2025: No changes detected, skipping sync
Mon  1 Sep 07:00:01 EDT 2025: Starting website sync...
sending incremental file list
./
index.html
index.nginx-debian.html
robots.txt
script.js
sitemap.xml
style.css
blog/
blog/breeze-time-tracker-dashboard.html
blog/easy-pdf-insert.html
blog/family-dashboard.html
blog/index.html
blog/reddit-post-hider.html
blog/who-dis-ip-lookup.html
blog/wpengine-backup-scheduler.html
blog/images/
blog/images/breeze-time-tracker.png
blog/images/breeze-time-tracker.svg
blog/images/easy-pdf-insert.png
blog/images/easy-pdf-insert.svg
blog/images/family-dashboard.png
blog/images/family-dashboard.svg
blog/images/reddit-post-hider.png
blog/images/reddit-post-hider.svg
blog/images/who-dis-ip-lookup.png
blog/images/who-dis-ip-lookup.svg
blog/images/wpengine-backup-scheduler.png
blog/images/wpengine-backup-scheduler.svg

sent 528,525 bytes  received 514 bytes  1,058,078.00 bytes/sec
total size is 526,367  speedup is 0.99
Mon  1 Sep 07:00:01 EDT 2025: No changes detected, skipping sync
Mon  1 Sep 08:00:01 EDT 2025: Starting website sync...
sending incremental file list
./
index.html
index.nginx-debian.html
robots.txt
script.js
sitemap.xml
style.css
blog/
blog/breeze-time-tracker-dashboard.html
blog/easy-pdf-insert.html
blog/family-dashboard.html
blog/index.html
blog/reddit-post-hider.html
blog/who-dis-ip-lookup.html
blog/wpengine-backup-scheduler.html
blog/images/
blog/images/breeze-time-tracker.png
blog/images/breeze-time-tracker.svg
blog/images/easy-pdf-insert.png
blog/images/easy-pdf-insert.svg
blog/images/family-dashboard.png
blog/images/family-dashboard.svg
blog/images/reddit-post-hider.png
blog/images/reddit-post-hider.svg
blog/images/who-dis-ip-lookup.png
blog/images/who-dis-ip-lookup.svg
blog/images/wpengine-backup-scheduler.png
blog/images/wpengine-backup-scheduler.svg

sent 528,529 bytes  received 514 bytes  1,058,086.00 bytes/sec
total size is 526,367  speedup is 0.99
Mon  1 Sep 08:00:01 EDT 2025: No changes detected, skipping sync
Mon  1 Sep 09:00:01 EDT 2025: Starting website sync...
sending incremental file list
./
index.html
index.nginx-debian.html
robots.txt
script.js
sitemap.xml
style.css
blog/
blog/breeze-time-tracker-dashboard.html
blog/easy-pdf-insert.html
blog/family-dashboard.html
blog/index.html
blog/reddit-post-hider.html
blog/who-dis-ip-lookup.html
blog/wpengine-backup-scheduler.html
blog/images/
blog/images/breeze-time-tracker.png
blog/images/breeze-time-tracker.svg
blog/images/easy-pdf-insert.png
blog/images/easy-pdf-insert.svg
blog/images/family-dashboard.png
blog/images/family-dashboard.svg
blog/images/reddit-post-hider.png
blog/images/reddit-post-hider.svg
blog/images/who-dis-ip-lookup.png
blog/images/who-dis-ip-lookup.svg
blog/images/wpengine-backup-scheduler.png
blog/images/wpengine-backup-scheduler.svg

sent 528,529 bytes  received 514 bytes  1,058,086.00 bytes/sec
total size is 526,367  speedup is 0.99
Mon  1 Sep 09:00:01 EDT 2025: No changes detected, skipping sync
